[INFO ] 2022-08-11 22:28:56.718 [main] Log - *** Running the tests in Responsive mode ***
[INFO ] 2022-08-11 22:28:56.723 [main] Log - *** Running test method TC_LAF_Validate_Joinnow_country_values...
[INFO ] 2022-08-11 22:28:58.506 [main] Log - Chrome browser launched successfully
[INFO ] 2022-08-11 22:29:01.096 [main] Log - Entered the application url successfully
[INFO ] 2022-08-11 22:29:12.004 [main] Log - Join_now_button clicked successfully
[INFO ] 2022-08-11 22:29:12.035 [main] Log - Country dropdown validation successful
[INFO ] 2022-08-11 22:29:12.144 [main] Log - ALL value matched
[INFO ] 2022-08-11 22:29:12.145 [main] Log - USA value matched
[ERROR] 2022-08-11 22:29:12.145 [main] Log - India value not matched with the values in country dropdown list
[ERROR] 2022-08-11 22:29:12.145 [main] Log - All values not matched successfully in the country dropdown. Expected dropdown list [ ALL,USA,India ] Actual dropdown list [ All,USA,CANADA ]
[ERROR] 2022-08-11 22:29:13.157 [main] Log - *** Test execution TC_LAF_Validate_Joinnow_country_values failed...
[ERROR] 2022-08-11 22:29:13.160 [main] Log - java.lang.Exception: All values not matched successfully in the country dropdown
	at com.pages.Joinnow_Mobile.Validate_country_values(Joinnow_Mobile.java:232)
	at com.test.user.Responsive_scenarios.RUNALL(Responsive_scenarios.java:170)
	at java.base/jdk.internal.reflect.DirectMethodHandleAccessor.invoke(DirectMethodHandleAccessor.java:104)
	at java.base/java.lang.reflect.Method.invoke(Method.java:577)
	at org.testng.internal.MethodInvocationHelper.invokeMethod(MethodInvocationHelper.java:133)
	at org.testng.internal.TestInvoker.invokeMethod(TestInvoker.java:598)
	at org.testng.internal.TestInvoker.invokeTestMethod(TestInvoker.java:173)
	at org.testng.internal.MethodRunner.runInSequence(MethodRunner.java:46)
	at org.testng.internal.TestInvoker$MethodInvocationAgent.invoke(TestInvoker.java:824)
	at org.testng.internal.TestInvoker.invokeTestMethods(TestInvoker.java:146)
	at org.testng.internal.TestMethodWorker.invokeTestMethods(TestMethodWorker.java:146)
	at org.testng.internal.TestMethodWorker.run(TestMethodWorker.java:128)
	at java.base/java.util.ArrayList.forEach(ArrayList.java:1511)
	at org.testng.TestRunner.privateRun(TestRunner.java:794)
	at org.testng.TestRunner.run(TestRunner.java:596)
	at org.testng.SuiteRunner.runTest(SuiteRunner.java:377)
	at org.testng.SuiteRunner.runSequentially(SuiteRunner.java:371)
	at org.testng.SuiteRunner.privateRun(SuiteRunner.java:332)
	at org.testng.SuiteRunner.run(SuiteRunner.java:276)
	at org.testng.SuiteRunnerWorker.runSuite(SuiteRunnerWorker.java:53)
	at org.testng.SuiteRunnerWorker.run(SuiteRunnerWorker.java:96)
	at org.testng.TestNG.runSuitesSequentially(TestNG.java:1212)
	at org.testng.TestNG.runSuitesLocally(TestNG.java:1134)
	at org.testng.TestNG.runSuites(TestNG.java:1063)
	at org.testng.TestNG.run(TestNG.java:1031)
	at org.testng.remote.AbstractRemoteTestNG.run(AbstractRemoteTestNG.java:115)
	at org.testng.remote.RemoteTestNG.initAndRun(RemoteTestNG.java:251)
	at org.testng.remote.RemoteTestNG.main(RemoteTestNG.java:77)

[INFO ] 2022-08-11 22:29:13.586 [main] Log - Browser is closed
[INFO ] 2022-08-11 22:29:13.899 [main] Log - *** Test Suite TC_LAF_Validate_Joinnow_country_values ending ***
